<?xml version="1.0" encoding="UTF-8"?>
<!-- Generated by org.testng.reporters.JUnitReportReporter -->
<testsuite hostname="LAPTOP-OJ1FS8O8" failures="0" tests="1" name="cucumber.TestNGTestRunner" time="19.618" errors="0" timestamp="2024-05-12T23:26:37 CEST" skipped="0">
  <testcase classname="cucumber.TestNGTestRunner" name="runScenario" time="19.618"/>
</testsuite> <!-- cucumber.TestNGTestRunner -->
