<?xml version="1.0" encoding="UTF-8"?>
<!-- Generated by org.testng.reporters.JUnitReportReporter -->
<testsuite hostname="LAPTOP-OJ1FS8O8" failures="0" tests="1" name="Tests.ErrorValidationsTest" time="8.160" errors="0" timestamp="2024-05-11T14:33:29 CEST" skipped="0">
  <testcase classname="Tests.ErrorValidationsTest" name="LoginErrorValidation" time="8.160"/>
</testsuite> <!-- Tests.ErrorValidationsTest -->
