<?xml version="1.0" encoding="UTF-8"?>
<!-- Generated by org.testng.reporters.JUnitReportReporter -->
<testsuite hostname="LAPTOP-OJ1FS8O8" failures="0" tests="3" name="Tests.SubmitOrderTest" time="49.008" errors="0" timestamp="2024-05-11T14:05:35 CEST" skipped="0">
  <testcase classname="Tests.SubmitOrderTest" name="OrderHistoryTest" time="8.552"/>
  <testcase classname="Tests.SubmitOrderTest" name="submitOrder" time="17.282"/>
  <testcase classname="Tests.SubmitOrderTest" name="submitOrder" time="23.174"/>
</testsuite> <!-- Tests.SubmitOrderTest -->
