<?xml version="1.0" encoding="UTF-8"?>
<!-- Generated by org.testng.reporters.JUnitReportReporter -->
<testsuite hostname="LAPTOP-OJ1FS8O8" failures="0" tests="3" name="Tests.SubmitOrderTest" time="49.183" errors="0" timestamp="2024-05-12T16:07:10 CEST" skipped="0">
  <testcase classname="Tests.SubmitOrderTest" name="submitOrder" time="25.418"/>
  <testcase classname="Tests.SubmitOrderTest" name="submitOrder" time="17.127"/>
  <testcase classname="Tests.SubmitOrderTest" name="OrderHistoryTest" time="6.638"/>
</testsuite> <!-- Tests.SubmitOrderTest -->
